<?xml version="1.0" encoding="UTF-8"?>
<!-- Generated by org.testng.reporters.JUnitReportReporter -->
<testsuite hostname="Dolly-Laptop" failures="0" tests="4" name="com.testrun.CucumberRunner" time="6.383" errors="0" timestamp="2023-07-04T12:11:26 EDT" skipped="0">
  <testcase classname="com.testrun.CucumberRunner" name="test1" time="0.002"/>
  <system-out/>
  <testcase classname="com.testrun.CucumberRunner" name="runScenario" time="1.973"/>
  <system-out/>
  <testcase classname="com.testrun.CucumberRunner" name="runScenario" time="2.507"/>
  <system-out/>
  <testcase classname="com.testrun.CucumberRunner" name="runScenario" time="1.901"/>
  <system-out/>
</testsuite> <!-- com.testrun.CucumberRunner -->
