<?xml version="1.0" encoding="UTF-8"?>
<!-- Generated by org.testng.reporters.JUnitReportReporter -->
<testsuite hostname="Dolly-Laptop" failures="0" tests="4" name="com.testrun.CucumberRunner" time="5.266" errors="0" timestamp="2023-07-01T18:03:37 EDT" skipped="0">
  <testcase classname="com.testrun.CucumberRunner" name="test1" time="0.003"/>
  <system-out/>
  <testcase classname="com.testrun.CucumberRunner" name="runScenario" time="1.411"/>
  <system-out/>
  <testcase classname="com.testrun.CucumberRunner" name="runScenario" time="2.318"/>
  <system-out/>
  <testcase classname="com.testrun.CucumberRunner" name="runScenario" time="1.534"/>
  <system-out/>
</testsuite> <!-- com.testrun.CucumberRunner -->
