<?xml version="1.0" encoding="UTF-8"?>
<!-- Generated by org.testng.reporters.JUnitReportReporter -->
<testsuite hostname="Dolly-Laptop" failures="0" tests="4" name="com.testrun.CucumberRunner" time="7.124" errors="0" timestamp="2023-07-04T18:58:26 EDT" skipped="0">
  <testcase classname="com.testrun.CucumberRunner" name="runScenario" time="1.881"/>
  <system-out/>
  <testcase classname="com.testrun.CucumberRunner" name="test1" time="0.004"/>
  <system-out/>
  <testcase classname="com.testrun.CucumberRunner" name="runScenario" time="3.090"/>
  <system-out/>
  <testcase classname="com.testrun.CucumberRunner" name="runScenario" time="2.149"/>
  <system-out/>
</testsuite> <!-- com.testrun.CucumberRunner -->
