<?xml version="1.0" encoding="UTF-8"?>
<!-- Generated by org.testng.reporters.JUnitReportReporter -->
<testsuite hostname="Dolly-Laptop" failures="0" tests="4" name="com.testrun.CucumberRunner" time="12.245" errors="0" timestamp="2023-07-25T22:31:49 EDT" skipped="0">
  <testcase classname="com.testrun.CucumberRunner" name="test1" time="0.008"/>
  <system-out/>
  <testcase classname="com.testrun.CucumberRunner" name="runScenario" time="1.306"/>
  <system-out/>
  <testcase classname="com.testrun.CucumberRunner" name="runScenario" time="1.301"/>
  <system-out/>
  <testcase classname="com.testrun.CucumberRunner" name="runScenario" time="9.630"/>
  <system-out/>
</testsuite> <!-- com.testrun.CucumberRunner -->
